mode: atomic
github.com/liqotech/liqo/pkg/liqonet/iptables/iptables.go:69.42,71.16 2 40
github.com/liqotech/liqo/pkg/liqonet/iptables/iptables.go:74.2,76.8 1 40
github.com/liqotech/liqo/pkg/liqonet/iptables/iptables.go:71.16,73.3 1 0
github.com/liqotech/liqo/pkg/liqonet/iptables/iptables.go:85.34,90.55 2 40
github.com/liqotech/liqo/pkg/liqonet/iptables/iptables.go:95.2,98.53 2 40
github.com/liqotech/liqo/pkg/liqonet/iptables/iptables.go:101.2,101.12 1 40
github.com/liqotech/liqo/pkg/liqonet/iptables/iptables.go:90.55,92.3 1 0
github.com/liqotech/liqo/pkg/liqonet/iptables/iptables.go:98.53,100.3 1 0
github.com/liqotech/liqo/pkg/liqonet/iptables/iptables.go:105.70,106.31 1 40
github.com/liqotech/liqo/pkg/liqonet/iptables/iptables.go:111.2,111.12 1 40
github.com/liqotech/liqo/pkg/liqonet/iptables/iptables.go:106.31,107.91 1 160
github.com/liqotech/liqo/pkg/liqonet/iptables/iptables.go:107.91,109.4 1 0
github.com/liqotech/liqo/pkg/liqonet/iptables/iptables.go:115.73,116.33 1 40
github.com/liqotech/liqo/pkg/liqonet/iptables/iptables.go:121.2,121.12 1 40
github.com/liqotech/liqo/pkg/liqonet/iptables/iptables.go:116.33,117.66 1 160
github.com/liqotech/liqo/pkg/liqonet/iptables/iptables.go:117.66,119.4 1 0
github.com/liqotech/liqo/pkg/liqonet/iptables/iptables.go:126.44,133.2 1 78
github.com/liqotech/liqo/pkg/liqonet/iptables/iptables.go:137.39,139.44 1 38
github.com/liqotech/liqo/pkg/liqonet/iptables/iptables.go:143.2,143.45 1 38
github.com/liqotech/liqo/pkg/liqonet/iptables/iptables.go:146.2,147.12 2 38
github.com/liqotech/liqo/pkg/liqonet/iptables/iptables.go:139.44,141.3 1 0
github.com/liqotech/liqo/pkg/liqonet/iptables/iptables.go:143.45,145.3 1 0
github.com/liqotech/liqo/pkg/liqonet/iptables/iptables.go:151.45,154.37 2 38
github.com/liqotech/liqo/pkg/liqonet/iptables/iptables.go:159.2,159.12 1 38
github.com/liqotech/liqo/pkg/liqonet/iptables/iptables.go:154.37,155.74 1 152
github.com/liqotech/liqo/pkg/liqonet/iptables/iptables.go:155.74,157.4 1 0
github.com/liqotech/liqo/pkg/liqonet/iptables/iptables.go:163.97,165.16 2 76
github.com/liqotech/liqo/pkg/liqonet/iptables/iptables.go:168.2,169.15 2 76
github.com/liqotech/liqo/pkg/liqonet/iptables/iptables.go:197.2,197.88 1 76
github.com/liqotech/liqo/pkg/liqonet/iptables/iptables.go:200.2,200.12 1 76
github.com/liqotech/liqo/pkg/liqonet/iptables/iptables.go:165.16,167.3 1 0
github.com/liqotech/liqo/pkg/liqonet/iptables/iptables.go:170.16,182.4 3 38
github.com/liqotech/liqo/pkg/liqonet/iptables/iptables.go:183.19,194.4 3 38
github.com/liqotech/liqo/pkg/liqonet/iptables/iptables.go:197.88,199.3 1 0
github.com/liqotech/liqo/pkg/liqonet/iptables/iptables.go:204.46,209.74 2 38
github.com/liqotech/liqo/pkg/liqonet/iptables/iptables.go:214.2,214.77 1 38
github.com/liqotech/liqo/pkg/liqonet/iptables/iptables.go:217.2,217.12 1 38
github.com/liqotech/liqo/pkg/liqonet/iptables/iptables.go:209.74,211.3 1 0
github.com/liqotech/liqo/pkg/liqonet/iptables/iptables.go:214.77,216.3 1 0
github.com/liqotech/liqo/pkg/liqonet/iptables/iptables.go:220.97,221.42 1 76
github.com/liqotech/liqo/pkg/liqonet/iptables/iptables.go:235.2,235.12 1 76
github.com/liqotech/liqo/pkg/liqonet/iptables/iptables.go:221.42,223.47 1 156
github.com/liqotech/liqo/pkg/liqonet/iptables/iptables.go:227.3,227.56 1 0
github.com/liqotech/liqo/pkg/liqonet/iptables/iptables.go:230.3,230.57 1 0
github.com/liqotech/liqo/pkg/liqonet/iptables/iptables.go:233.3,233.77 1 0
github.com/liqotech/liqo/pkg/liqonet/iptables/iptables.go:223.47,224.12 1 156
github.com/liqotech/liqo/pkg/liqonet/iptables/iptables.go:227.56,229.4 1 0
github.com/liqotech/liqo/pkg/liqonet/iptables/iptables.go:230.57,232.4 1 0
github.com/liqotech/liqo/pkg/liqonet/iptables/iptables.go:240.87,242.16 2 12
github.com/liqotech/liqo/pkg/liqonet/iptables/iptables.go:245.2,245.42 1 8
github.com/liqotech/liqo/pkg/liqonet/iptables/iptables.go:260.2,260.12 1 8
github.com/liqotech/liqo/pkg/liqonet/iptables/iptables.go:242.16,244.3 1 4
github.com/liqotech/liqo/pkg/liqonet/iptables/iptables.go:245.42,253.17 2 32
github.com/liqotech/liqo/pkg/liqonet/iptables/iptables.go:256.3,256.79 1 32
github.com/liqotech/liqo/pkg/liqonet/iptables/iptables.go:253.17,255.4 1 0
github.com/liqotech/liqo/pkg/liqonet/iptables/iptables.go:256.79,258.4 1 0
github.com/liqotech/liqo/pkg/liqonet/iptables/iptables.go:263.86,267.16 3 32
github.com/liqotech/liqo/pkg/liqonet/iptables/iptables.go:273.2,276.29 2 32
github.com/liqotech/liqo/pkg/liqonet/iptables/iptables.go:286.2,286.32 1 32
github.com/liqotech/liqo/pkg/liqonet/iptables/iptables.go:267.16,270.3 1 0
github.com/liqotech/liqo/pkg/liqonet/iptables/iptables.go:276.29,277.46 1 10
github.com/liqotech/liqo/pkg/liqonet/iptables/iptables.go:277.46,278.45 1 30
github.com/liqotech/liqo/pkg/liqonet/iptables/iptables.go:282.4,283.9 2 10
github.com/liqotech/liqo/pkg/liqonet/iptables/iptables.go:278.45,279.13 1 20
github.com/liqotech/liqo/pkg/liqonet/iptables/iptables.go:289.53,298.2 2 105
github.com/liqotech/liqo/pkg/liqonet/iptables/iptables.go:302.68,303.21 1 36
github.com/liqotech/liqo/pkg/liqonet/iptables/iptables.go:310.2,311.31 2 35
github.com/liqotech/liqo/pkg/liqonet/iptables/iptables.go:316.2,316.12 1 35
github.com/liqotech/liqo/pkg/liqonet/iptables/iptables.go:303.21,308.3 1 1
github.com/liqotech/liqo/pkg/liqonet/iptables/iptables.go:311.31,312.91 1 175
github.com/liqotech/liqo/pkg/liqonet/iptables/iptables.go:312.91,314.4 1 0
github.com/liqotech/liqo/pkg/liqonet/iptables/iptables.go:321.45,324.59 1 1701
github.com/liqotech/liqo/pkg/liqonet/iptables/iptables.go:327.2,329.64 1 1411
github.com/liqotech/liqo/pkg/liqonet/iptables/iptables.go:333.2,333.15 1 1033
github.com/liqotech/liqo/pkg/liqonet/iptables/iptables.go:339.2,339.11 1 0
github.com/liqotech/liqo/pkg/liqonet/iptables/iptables.go:324.59,326.3 1 290
github.com/liqotech/liqo/pkg/liqonet/iptables/iptables.go:329.64,331.3 1 378
github.com/liqotech/liqo/pkg/liqonet/iptables/iptables.go:334.75,335.21 1 514
github.com/liqotech/liqo/pkg/liqonet/iptables/iptables.go:336.90,337.18 1 519
github.com/liqotech/liqo/pkg/liqonet/iptables/iptables.go:345.98,348.16 2 38
github.com/liqotech/liqo/pkg/liqonet/iptables/iptables.go:352.2,353.16 2 38
github.com/liqotech/liqo/pkg/liqonet/iptables/iptables.go:356.2,357.12 2 38
github.com/liqotech/liqo/pkg/liqonet/iptables/iptables.go:348.16,350.3 1 0
github.com/liqotech/liqo/pkg/liqonet/iptables/iptables.go:353.16,355.3 1 0
github.com/liqotech/liqo/pkg/liqonet/iptables/iptables.go:362.87,364.16 2 38
github.com/liqotech/liqo/pkg/liqonet/iptables/iptables.go:367.2,367.46 1 38
github.com/liqotech/liqo/pkg/liqonet/iptables/iptables.go:373.2,373.12 1 38
github.com/liqotech/liqo/pkg/liqonet/iptables/iptables.go:364.16,366.3 1 0
github.com/liqotech/liqo/pkg/liqonet/iptables/iptables.go:367.46,369.17 2 152
github.com/liqotech/liqo/pkg/liqonet/iptables/iptables.go:369.17,371.4 1 0
github.com/liqotech/liqo/pkg/liqonet/iptables/iptables.go:376.81,379.16 3 304
github.com/liqotech/liqo/pkg/liqonet/iptables/iptables.go:382.2,382.29 1 304
github.com/liqotech/liqo/pkg/liqonet/iptables/iptables.go:392.2,392.12 1 304
github.com/liqotech/liqo/pkg/liqonet/iptables/iptables.go:379.16,381.3 1 0
github.com/liqotech/liqo/pkg/liqonet/iptables/iptables.go:382.29,383.73 1 338
github.com/liqotech/liqo/pkg/liqonet/iptables/iptables.go:387.3,387.61 1 177
github.com/liqotech/liqo/pkg/liqonet/iptables/iptables.go:390.3,390.75 1 177
github.com/liqotech/liqo/pkg/liqonet/iptables/iptables.go:383.73,384.12 1 161
github.com/liqotech/liqo/pkg/liqonet/iptables/iptables.go:387.61,389.4 1 0
github.com/liqotech/liqo/pkg/liqonet/iptables/iptables.go:396.68,399.16 2 38
github.com/liqotech/liqo/pkg/liqonet/iptables/iptables.go:403.2,404.16 2 38
github.com/liqotech/liqo/pkg/liqonet/iptables/iptables.go:408.2,411.31 2 38
github.com/liqotech/liqo/pkg/liqonet/iptables/iptables.go:439.2,439.12 1 38
github.com/liqotech/liqo/pkg/liqonet/iptables/iptables.go:399.16,401.3 1 0
github.com/liqotech/liqo/pkg/liqonet/iptables/iptables.go:404.16,406.3 1 0
github.com/liqotech/liqo/pkg/liqonet/iptables/iptables.go:411.31,412.98 1 190
github.com/liqotech/liqo/pkg/liqonet/iptables/iptables.go:426.3,426.104 1 88
github.com/liqotech/liqo/pkg/liqonet/iptables/iptables.go:412.98,414.60 1 102
github.com/liqotech/liqo/pkg/liqonet/iptables/iptables.go:417.4,417.60 1 102
github.com/liqotech/liqo/pkg/liqonet/iptables/iptables.go:420.4,420.61 1 102
github.com/liqotech/liqo/pkg/liqonet/iptables/iptables.go:423.4,424.12 2 102
github.com/liqotech/liqo/pkg/liqonet/iptables/iptables.go:414.60,415.13 1 0
github.com/liqotech/liqo/pkg/liqonet/iptables/iptables.go:417.60,419.5 1 0
github.com/liqotech/liqo/pkg/liqonet/iptables/iptables.go:420.61,422.5 1 0
github.com/liqotech/liqo/pkg/liqonet/iptables/iptables.go:426.104,427.63 1 68
github.com/liqotech/liqo/pkg/liqonet/iptables/iptables.go:430.4,430.63 1 68
github.com/liqotech/liqo/pkg/liqonet/iptables/iptables.go:433.4,433.64 1 68
github.com/liqotech/liqo/pkg/liqonet/iptables/iptables.go:436.4,436.79 1 68
github.com/liqotech/liqo/pkg/liqonet/iptables/iptables.go:427.63,428.13 1 0
github.com/liqotech/liqo/pkg/liqonet/iptables/iptables.go:430.63,432.5 1 0
github.com/liqotech/liqo/pkg/liqonet/iptables/iptables.go:433.64,435.5 1 0
github.com/liqotech/liqo/pkg/liqonet/iptables/iptables.go:443.83,446.16 3 11
github.com/liqotech/liqo/pkg/liqonet/iptables/iptables.go:449.2,449.76 1 6
github.com/liqotech/liqo/pkg/liqonet/iptables/iptables.go:446.16,448.3 1 5
github.com/liqotech/liqo/pkg/liqonet/iptables/iptables.go:454.99,457.16 3 9
github.com/liqotech/liqo/pkg/liqonet/iptables/iptables.go:460.2,460.75 1 4
github.com/liqotech/liqo/pkg/liqonet/iptables/iptables.go:457.16,459.3 1 5
github.com/liqotech/liqo/pkg/liqonet/iptables/iptables.go:465.90,468.16 3 6
github.com/liqotech/liqo/pkg/liqonet/iptables/iptables.go:471.2,471.82 1 5
github.com/liqotech/liqo/pkg/liqonet/iptables/iptables.go:468.16,470.3 1 1
github.com/liqotech/liqo/pkg/liqonet/iptables/iptables.go:474.98,476.44 1 9
github.com/liqotech/liqo/pkg/liqonet/iptables/iptables.go:479.2,483.53 4 4
github.com/liqotech/liqo/pkg/liqonet/iptables/iptables.go:489.2,492.19 2 3
github.com/liqotech/liqo/pkg/liqonet/iptables/iptables.go:476.44,478.3 1 5
github.com/liqotech/liqo/pkg/liqonet/iptables/iptables.go:483.53,487.3 1 1
github.com/liqotech/liqo/pkg/liqonet/iptables/iptables.go:495.89,497.29 1 6
github.com/liqotech/liqo/pkg/liqonet/iptables/iptables.go:504.2,506.52 2 5
github.com/liqotech/liqo/pkg/liqonet/iptables/iptables.go:511.2,511.19 1 5
github.com/liqotech/liqo/pkg/liqonet/iptables/iptables.go:497.29,502.3 1 1
github.com/liqotech/liqo/pkg/liqonet/iptables/iptables.go:506.52,510.3 1 9
github.com/liqotech/liqo/pkg/liqonet/iptables/iptables.go:515.95,517.34 2 158
github.com/liqotech/liqo/pkg/liqonet/iptables/iptables.go:522.2,522.8 1 158
github.com/liqotech/liqo/pkg/liqonet/iptables/iptables.go:517.34,518.31 1 867
github.com/liqotech/liqo/pkg/liqonet/iptables/iptables.go:518.31,520.4 1 14
github.com/liqotech/liqo/pkg/liqonet/iptables/iptables.go:526.70,528.16 2 407
github.com/liqotech/liqo/pkg/liqonet/iptables/iptables.go:531.2,533.37 3 407
github.com/liqotech/liqo/pkg/liqonet/iptables/iptables.go:540.2,540.19 1 407
github.com/liqotech/liqo/pkg/liqonet/iptables/iptables.go:528.16,530.3 1 0
github.com/liqotech/liqo/pkg/liqonet/iptables/iptables.go:533.37,534.27 1 646
github.com/liqotech/liqo/pkg/liqonet/iptables/iptables.go:534.27,538.4 3 404
github.com/liqotech/liqo/pkg/liqonet/iptables/iptables.go:543.82,546.16 2 335
github.com/liqotech/liqo/pkg/liqonet/iptables/iptables.go:550.2,550.35 1 335
github.com/liqotech/liqo/pkg/liqonet/iptables/iptables.go:556.2,557.16 2 174
github.com/liqotech/liqo/pkg/liqonet/iptables/iptables.go:560.2,561.12 2 174
github.com/liqotech/liqo/pkg/liqonet/iptables/iptables.go:546.16,548.3 1 0
github.com/liqotech/liqo/pkg/liqonet/iptables/iptables.go:550.35,551.24 1 1921
github.com/liqotech/liqo/pkg/liqonet/iptables/iptables.go:551.24,553.4 1 161
github.com/liqotech/liqo/pkg/liqonet/iptables/iptables.go:557.16,559.3 1 0
github.com/liqotech/liqo/pkg/liqonet/iptables/iptables.go:564.85,568.16 3 160
github.com/liqotech/liqo/pkg/liqonet/iptables/iptables.go:572.2,573.45 2 160
github.com/liqotech/liqo/pkg/liqonet/iptables/iptables.go:579.2,579.24 1 160
github.com/liqotech/liqo/pkg/liqonet/iptables/iptables.go:589.2,589.25 1 160
github.com/liqotech/liqo/pkg/liqonet/iptables/iptables.go:602.2,602.25 1 148
github.com/liqotech/liqo/pkg/liqonet/iptables/iptables.go:609.2,609.12 1 148
github.com/liqotech/liqo/pkg/liqonet/iptables/iptables.go:568.16,570.3 1 0
github.com/liqotech/liqo/pkg/liqonet/iptables/iptables.go:573.45,574.62 1 172
github.com/liqotech/liqo/pkg/liqonet/iptables/iptables.go:574.62,576.4 1 12
github.com/liqotech/liqo/pkg/liqonet/iptables/iptables.go:579.24,580.39 1 0
github.com/liqotech/liqo/pkg/liqonet/iptables/iptables.go:585.3,585.63 1 0
github.com/liqotech/liqo/pkg/liqonet/iptables/iptables.go:580.39,581.61 1 0
github.com/liqotech/liqo/pkg/liqonet/iptables/iptables.go:581.61,583.5 1 0
github.com/liqotech/liqo/pkg/liqonet/iptables/iptables.go:585.63,587.4 1 0
github.com/liqotech/liqo/pkg/liqonet/iptables/iptables.go:589.25,591.66 1 12
github.com/liqotech/liqo/pkg/liqonet/iptables/iptables.go:594.3,594.60 1 12
github.com/liqotech/liqo/pkg/liqonet/iptables/iptables.go:597.3,597.63 1 12
github.com/liqotech/liqo/pkg/liqonet/iptables/iptables.go:600.3,600.13 1 12
github.com/liqotech/liqo/pkg/liqonet/iptables/iptables.go:591.66,593.4 1 0
github.com/liqotech/liqo/pkg/liqonet/iptables/iptables.go:594.60,596.4 1 0
github.com/liqotech/liqo/pkg/liqonet/iptables/iptables.go:597.63,599.4 1 0
github.com/liqotech/liqo/pkg/liqonet/iptables/iptables.go:602.25,604.63 1 148
github.com/liqotech/liqo/pkg/liqonet/iptables/iptables.go:607.3,607.79 1 148
github.com/liqotech/liqo/pkg/liqonet/iptables/iptables.go:604.63,606.4 1 0
github.com/liqotech/liqo/pkg/liqonet/iptables/iptables.go:613.117,615.45 2 47
github.com/liqotech/liqo/pkg/liqonet/iptables/iptables.go:632.2,633.16 2 47
github.com/liqotech/liqo/pkg/liqonet/iptables/iptables.go:636.2,636.12 1 47
github.com/liqotech/liqo/pkg/liqonet/iptables/iptables.go:615.45,619.36 2 17
github.com/liqotech/liqo/pkg/liqonet/iptables/iptables.go:624.3,624.15 1 17
github.com/liqotech/liqo/pkg/liqonet/iptables/iptables.go:619.36,620.66 1 25
github.com/liqotech/liqo/pkg/liqonet/iptables/iptables.go:620.66,622.5 1 2
github.com/liqotech/liqo/pkg/liqonet/iptables/iptables.go:624.15,625.90 1 15
github.com/liqotech/liqo/pkg/liqonet/iptables/iptables.go:629.4,629.95 1 15
github.com/liqotech/liqo/pkg/liqonet/iptables/iptables.go:625.90,628.5 1 0
github.com/liqotech/liqo/pkg/liqonet/iptables/iptables.go:633.16,635.3 1 0
github.com/liqotech/liqo/pkg/liqonet/iptables/iptables.go:640.85,642.16 2 15
github.com/liqotech/liqo/pkg/liqonet/iptables/iptables.go:645.2,645.70 1 15
github.com/liqotech/liqo/pkg/liqonet/iptables/iptables.go:642.16,644.3 1 0
github.com/liqotech/liqo/pkg/liqonet/iptables/iptables.go:648.93,649.29 1 47
github.com/liqotech/liqo/pkg/liqonet/iptables/iptables.go:662.2,662.12 1 47
github.com/liqotech/liqo/pkg/liqonet/iptables/iptables.go:649.29,651.17 2 61
github.com/liqotech/liqo/pkg/liqonet/iptables/iptables.go:655.3,655.14 1 61
github.com/liqotech/liqo/pkg/liqonet/iptables/iptables.go:651.17,654.4 2 0
github.com/liqotech/liqo/pkg/liqonet/iptables/iptables.go:655.14,656.68 1 59
github.com/liqotech/liqo/pkg/liqonet/iptables/iptables.go:659.4,659.81 1 59
github.com/liqotech/liqo/pkg/liqonet/iptables/iptables.go:656.68,658.5 1 0
github.com/liqotech/liqo/pkg/liqonet/iptables/iptables.go:665.82,666.44 1 11
github.com/liqotech/liqo/pkg/liqonet/iptables/iptables.go:669.2,672.53 4 6
github.com/liqotech/liqo/pkg/liqonet/iptables/iptables.go:687.2,688.16 2 2
github.com/liqotech/liqo/pkg/liqonet/iptables/iptables.go:693.2,695.8 1 2
github.com/liqotech/liqo/pkg/liqonet/iptables/iptables.go:666.44,668.3 1 5
github.com/liqotech/liqo/pkg/liqonet/iptables/iptables.go:672.53,676.17 2 4
github.com/liqotech/liqo/pkg/liqonet/iptables/iptables.go:681.3,684.9 1 4
github.com/liqotech/liqo/pkg/liqonet/iptables/iptables.go:676.17,680.4 2 0
github.com/liqotech/liqo/pkg/liqonet/iptables/iptables.go:688.16,692.3 2 0
github.com/liqotech/liqo/pkg/liqonet/iptables/iptables.go:701.97,702.44 1 50
github.com/liqotech/liqo/pkg/liqonet/iptables/iptables.go:705.2,726.53 13 46
github.com/liqotech/liqo/pkg/liqonet/iptables/iptables.go:733.2,733.24 1 46
github.com/liqotech/liqo/pkg/liqonet/iptables/iptables.go:702.44,704.3 1 4
github.com/liqotech/liqo/pkg/liqonet/iptables/iptables.go:726.53,732.3 1 41
github.com/liqotech/liqo/pkg/liqonet/iptables/iptables.go:736.57,738.2 1 155
github.com/liqotech/liqo/pkg/liqonet/iptables/iptables.go:740.58,742.2 1 165
github.com/liqotech/liqo/pkg/liqonet/iptables/iptables.go:744.54,746.2 1 153
github.com/liqotech/liqo/pkg/liqonet/iptables/iptables.go:748.52,750.2 1 153
github.com/liqotech/liqo/pkg/liqonet/iptables/iptables.go:752.64,754.2 1 163
github.com/liqotech/liqo/pkg/liqonet/iptables/iptables.go:759.40,766.2 1 82
