mode: atomic
github.com/liqotech/liqo/pkg/liqonet/natmappinginflater/natMappingInflater.go:54.67,60.2 2 23
github.com/liqotech/liqo/pkg/liqonet/natmappinginflater/natMappingInflater.go:62.65,63.19 1 16
github.com/liqotech/liqo/pkg/liqonet/natmappinginflater/natMappingInflater.go:69.2,69.24 1 15
github.com/liqotech/liqo/pkg/liqonet/natmappinginflater/natMappingInflater.go:75.2,75.21 1 14
github.com/liqotech/liqo/pkg/liqonet/natmappinginflater/natMappingInflater.go:81.2,81.51 1 13
github.com/liqotech/liqo/pkg/liqonet/natmappinginflater/natMappingInflater.go:87.2,87.56 1 12
github.com/liqotech/liqo/pkg/liqonet/natmappinginflater/natMappingInflater.go:93.2,93.12 1 11
github.com/liqotech/liqo/pkg/liqonet/natmappinginflater/natMappingInflater.go:63.19,68.3 1 1
github.com/liqotech/liqo/pkg/liqonet/natmappinginflater/natMappingInflater.go:69.24,74.3 1 1
github.com/liqotech/liqo/pkg/liqonet/natmappinginflater/natMappingInflater.go:75.21,80.3 1 1
github.com/liqotech/liqo/pkg/liqonet/natmappinginflater/natMappingInflater.go:81.51,86.3 1 1
github.com/liqotech/liqo/pkg/liqonet/natmappinginflater/natMappingInflater.go:87.56,92.3 1 1
github.com/liqotech/liqo/pkg/liqonet/natmappinginflater/natMappingInflater.go:97.110,99.70 1 16
github.com/liqotech/liqo/pkg/liqonet/natmappinginflater/natMappingInflater.go:103.2,103.68 1 11
github.com/liqotech/liqo/pkg/liqonet/natmappinginflater/natMappingInflater.go:108.2,109.43 2 10
github.com/liqotech/liqo/pkg/liqonet/natmappinginflater/natMappingInflater.go:112.2,112.16 1 10
github.com/liqotech/liqo/pkg/liqonet/natmappinginflater/natMappingInflater.go:118.2,120.64 2 1
github.com/liqotech/liqo/pkg/liqonet/natmappinginflater/natMappingInflater.go:99.70,101.3 1 5
github.com/liqotech/liqo/pkg/liqonet/natmappinginflater/natMappingInflater.go:103.68,105.3 1 1
github.com/liqotech/liqo/pkg/liqonet/natmappinginflater/natMappingInflater.go:109.43,111.3 1 0
github.com/liqotech/liqo/pkg/liqonet/natmappinginflater/natMappingInflater.go:112.16,115.3 2 9
github.com/liqotech/liqo/pkg/liqonet/natmappinginflater/natMappingInflater.go:123.91,125.2 1 9
github.com/liqotech/liqo/pkg/liqonet/natmappinginflater/natMappingInflater.go:127.97,130.43 2 1
github.com/liqotech/liqo/pkg/liqonet/natmappinginflater/natMappingInflater.go:134.2,134.38 1 1
github.com/liqotech/liqo/pkg/liqonet/natmappinginflater/natMappingInflater.go:139.2,159.16 3 1
github.com/liqotech/liqo/pkg/liqonet/natmappinginflater/natMappingInflater.go:164.2,167.16 2 1
github.com/liqotech/liqo/pkg/liqonet/natmappinginflater/natMappingInflater.go:171.2,172.12 2 1
github.com/liqotech/liqo/pkg/liqonet/natmappinginflater/natMappingInflater.go:130.43,133.3 1 0
github.com/liqotech/liqo/pkg/liqonet/natmappinginflater/natMappingInflater.go:134.38,137.3 1 0
github.com/liqotech/liqo/pkg/liqonet/natmappinginflater/natMappingInflater.go:159.16,162.3 2 0
github.com/liqotech/liqo/pkg/liqonet/natmappinginflater/natMappingInflater.go:167.16,170.3 2 0
github.com/liqotech/liqo/pkg/liqonet/natmappinginflater/natMappingInflater.go:176.92,177.69 1 0
github.com/liqotech/liqo/pkg/liqonet/natmappinginflater/natMappingInflater.go:181.2,182.12 2 0
github.com/liqotech/liqo/pkg/liqonet/natmappinginflater/natMappingInflater.go:177.69,179.3 1 0
github.com/liqotech/liqo/pkg/liqonet/natmappinginflater/natMappingInflater.go:187.86,188.73 1 0
github.com/liqotech/liqo/pkg/liqonet/natmappinginflater/natMappingInflater.go:213.2,213.23 1 0
github.com/liqotech/liqo/pkg/liqonet/natmappinginflater/natMappingInflater.go:216.2,216.12 1 0
github.com/liqotech/liqo/pkg/liqonet/natmappinginflater/natMappingInflater.go:188.73,191.44 2 0
github.com/liqotech/liqo/pkg/liqonet/natmappinginflater/natMappingInflater.go:194.3,194.43 1 0
github.com/liqotech/liqo/pkg/liqonet/natmappinginflater/natMappingInflater.go:200.3,201.72 2 0
github.com/liqotech/liqo/pkg/liqonet/natmappinginflater/natMappingInflater.go:205.3,207.17 2 0
github.com/liqotech/liqo/pkg/liqonet/natmappinginflater/natMappingInflater.go:210.3,211.13 2 0
github.com/liqotech/liqo/pkg/liqonet/natmappinginflater/natMappingInflater.go:191.44,193.4 1 0
github.com/liqotech/liqo/pkg/liqonet/natmappinginflater/natMappingInflater.go:194.43,196.4 1 0
github.com/liqotech/liqo/pkg/liqonet/natmappinginflater/natMappingInflater.go:201.72,203.4 1 0
github.com/liqotech/liqo/pkg/liqonet/natmappinginflater/natMappingInflater.go:207.17,209.4 1 0
github.com/liqotech/liqo/pkg/liqonet/natmappinginflater/natMappingInflater.go:213.23,215.3 1 0
github.com/liqotech/liqo/pkg/liqonet/natmappinginflater/natMappingInflater.go:221.86,226.13 4 8
github.com/liqotech/liqo/pkg/liqonet/natmappinginflater/natMappingInflater.go:232.2,233.35 2 7
github.com/liqotech/liqo/pkg/liqonet/natmappinginflater/natMappingInflater.go:237.2,238.87 2 6
github.com/liqotech/liqo/pkg/liqonet/natmappinginflater/natMappingInflater.go:242.2,242.12 1 6
github.com/liqotech/liqo/pkg/liqonet/natmappinginflater/natMappingInflater.go:226.13,230.3 1 1
github.com/liqotech/liqo/pkg/liqonet/natmappinginflater/natMappingInflater.go:233.35,235.3 1 1
github.com/liqotech/liqo/pkg/liqonet/natmappinginflater/natMappingInflater.go:238.87,241.3 2 0
github.com/liqotech/liqo/pkg/liqonet/natmappinginflater/natMappingInflater.go:245.104,246.71 1 6
github.com/liqotech/liqo/pkg/liqonet/natmappinginflater/natMappingInflater.go:262.2,262.23 1 6
github.com/liqotech/liqo/pkg/liqonet/natmappinginflater/natMappingInflater.go:265.2,265.12 1 6
github.com/liqotech/liqo/pkg/liqonet/natmappinginflater/natMappingInflater.go:246.71,249.17 2 6
github.com/liqotech/liqo/pkg/liqonet/natmappinginflater/natMappingInflater.go:252.3,254.72 2 6
github.com/liqotech/liqo/pkg/liqonet/natmappinginflater/natMappingInflater.go:257.3,257.17 1 6
github.com/liqotech/liqo/pkg/liqonet/natmappinginflater/natMappingInflater.go:260.3,260.13 1 6
github.com/liqotech/liqo/pkg/liqonet/natmappinginflater/natMappingInflater.go:249.17,251.4 1 0
github.com/liqotech/liqo/pkg/liqonet/natmappinginflater/natMappingInflater.go:254.72,256.4 1 0
github.com/liqotech/liqo/pkg/liqonet/natmappinginflater/natMappingInflater.go:257.17,259.4 1 0
github.com/liqotech/liqo/pkg/liqonet/natmappinginflater/natMappingInflater.go:262.23,264.3 1 0
github.com/liqotech/liqo/pkg/liqonet/natmappinginflater/natMappingInflater.go:269.82,274.13 4 4
github.com/liqotech/liqo/pkg/liqonet/natmappinginflater/natMappingInflater.go:280.2,281.13 2 3
github.com/liqotech/liqo/pkg/liqonet/natmappinginflater/natMappingInflater.go:285.2,286.77 2 2
github.com/liqotech/liqo/pkg/liqonet/natmappinginflater/natMappingInflater.go:290.2,290.12 1 2
github.com/liqotech/liqo/pkg/liqonet/natmappinginflater/natMappingInflater.go:274.13,278.3 1 1
github.com/liqotech/liqo/pkg/liqonet/natmappinginflater/natMappingInflater.go:281.13,283.3 1 1
github.com/liqotech/liqo/pkg/liqonet/natmappinginflater/natMappingInflater.go:286.77,289.3 2 0
github.com/liqotech/liqo/pkg/liqonet/natmappinginflater/natMappingInflater.go:294.94,295.73 1 2
github.com/liqotech/liqo/pkg/liqonet/natmappinginflater/natMappingInflater.go:309.2,309.23 1 2
github.com/liqotech/liqo/pkg/liqonet/natmappinginflater/natMappingInflater.go:312.2,312.12 1 2
github.com/liqotech/liqo/pkg/liqonet/natmappinginflater/natMappingInflater.go:295.73,298.17 2 2
github.com/liqotech/liqo/pkg/liqonet/natmappinginflater/natMappingInflater.go:302.3,304.72 2 2
github.com/liqotech/liqo/pkg/liqonet/natmappinginflater/natMappingInflater.go:307.3,307.13 1 2
github.com/liqotech/liqo/pkg/liqonet/natmappinginflater/natMappingInflater.go:298.17,300.4 1 0
github.com/liqotech/liqo/pkg/liqonet/natmappinginflater/natMappingInflater.go:304.72,306.4 1 0
github.com/liqotech/liqo/pkg/liqonet/natmappinginflater/natMappingInflater.go:309.23,311.3 1 0
github.com/liqotech/liqo/pkg/liqonet/natmappinginflater/natMappingInflater.go:316.102,319.16 2 8
github.com/liqotech/liqo/pkg/liqonet/natmappinginflater/natMappingInflater.go:325.2,327.16 2 8
github.com/liqotech/liqo/pkg/liqonet/natmappinginflater/natMappingInflater.go:330.2,330.12 1 8
github.com/liqotech/liqo/pkg/liqonet/natmappinginflater/natMappingInflater.go:319.16,322.3 2 0
github.com/liqotech/liqo/pkg/liqonet/natmappinginflater/natMappingInflater.go:327.16,329.3 1 0
github.com/liqotech/liqo/pkg/liqonet/natmappinginflater/natMappingInflater.go:334.110,345.16 4 29
github.com/liqotech/liqo/pkg/liqonet/natmappinginflater/natMappingInflater.go:348.2,348.26 1 29
github.com/liqotech/liqo/pkg/liqonet/natmappinginflater/natMappingInflater.go:358.2,360.16 3 26
github.com/liqotech/liqo/pkg/liqonet/natmappinginflater/natMappingInflater.go:363.2,363.16 1 26
github.com/liqotech/liqo/pkg/liqonet/natmappinginflater/natMappingInflater.go:345.16,347.3 1 0
github.com/liqotech/liqo/pkg/liqonet/natmappinginflater/natMappingInflater.go:348.26,349.27 1 4
github.com/liqotech/liqo/pkg/liqonet/natmappinginflater/natMappingInflater.go:349.27,351.18 2 1
github.com/liqotech/liqo/pkg/liqonet/natmappinginflater/natMappingInflater.go:351.18,353.5 1 0
github.com/liqotech/liqo/pkg/liqonet/natmappinginflater/natMappingInflater.go:354.9,356.4 1 3
github.com/liqotech/liqo/pkg/liqonet/natmappinginflater/natMappingInflater.go:360.16,362.3 1 0
github.com/liqotech/liqo/pkg/liqonet/natmappinginflater/natMappingInflater.go:367.97,370.13 2 5
github.com/liqotech/liqo/pkg/liqonet/natmappinginflater/natMappingInflater.go:377.2,377.22 1 4
github.com/liqotech/liqo/pkg/liqonet/natmappinginflater/natMappingInflater.go:370.13,374.3 1 1
github.com/liqotech/liqo/pkg/liqonet/natmappinginflater/natMappingInflater.go:382.145,386.32 3 1
github.com/liqotech/liqo/pkg/liqonet/natmappinginflater/natMappingInflater.go:399.2,399.22 1 1
github.com/liqotech/liqo/pkg/liqonet/natmappinginflater/natMappingInflater.go:386.32,389.17 2 3
github.com/liqotech/liqo/pkg/liqonet/natmappinginflater/natMappingInflater.go:393.3,395.17 2 3
github.com/liqotech/liqo/pkg/liqonet/natmappinginflater/natMappingInflater.go:389.17,391.4 1 0
github.com/liqotech/liqo/pkg/liqonet/natmappinginflater/natMappingInflater.go:395.17,397.4 1 0
github.com/liqotech/liqo/pkg/liqonet/natmappinginflater/test_utils.go:17.127,19.16 2 47
github.com/liqotech/liqo/pkg/liqonet/natmappinginflater/test_utils.go:22.2,43.16 3 47
github.com/liqotech/liqo/pkg/liqonet/natmappinginflater/test_utils.go:46.2,46.65 1 47
github.com/liqotech/liqo/pkg/liqonet/natmappinginflater/test_utils.go:19.16,21.3 1 0
github.com/liqotech/liqo/pkg/liqonet/natmappinginflater/test_utils.go:43.16,45.3 1 0
